&&&& RUNNING TensorRT.trtexec [TensorRT v8400] # /usr/src/tensorrt/bin/trtexec --onnx=../ModifyModel_2.onnx --saveEngine=Levit_fp16_DLA.engine --fp16 --exportProfile=Levit_fp16_DLA.json --useDLACore=0 --allowGPUFallback --useSpinWait --separateProfileRun
[06/17/2022-04:30:10] [I] === Model Options ===
[06/17/2022-04:30:10] [I] Format: ONNX
[06/17/2022-04:30:10] [I] Model: ../ModifyModel_2.onnx
[06/17/2022-04:30:10] [I] Output:
[06/17/2022-04:30:10] [I] === Build Options ===
[06/17/2022-04:30:10] [I] Max batch: explicit batch
[06/17/2022-04:30:10] [I] Memory Pools: workspace: default, dlaSRAM: default, dlaLocalDRAM: default, dlaGlobalDRAM: default
[06/17/2022-04:30:10] [I] minTiming: 1
[06/17/2022-04:30:10] [I] avgTiming: 8
[06/17/2022-04:30:10] [I] Precision: FP32+FP16
[06/17/2022-04:30:10] [I] LayerPrecisions: 
[06/17/2022-04:30:10] [I] Calibration: 
[06/17/2022-04:30:10] [I] Refit: Disabled
[06/17/2022-04:30:10] [I] Sparsity: Disabled
[06/17/2022-04:30:10] [I] Safe mode: Disabled
[06/17/2022-04:30:10] [I] DirectIO mode: Disabled
[06/17/2022-04:30:10] [I] Restricted mode: Disabled
[06/17/2022-04:30:10] [I] Build only: Disabled
[06/17/2022-04:30:10] [I] Save engine: Levit_fp16_DLA.engine
[06/17/2022-04:30:10] [I] Load engine: 
[06/17/2022-04:30:10] [I] Profiling verbosity: 0
[06/17/2022-04:30:10] [I] Tactic sources: Using default tactic sources
[06/17/2022-04:30:10] [I] timingCacheMode: local
[06/17/2022-04:30:10] [I] timingCacheFile: 
[06/17/2022-04:30:10] [I] Input(s)s format: fp32:CHW
[06/17/2022-04:30:10] [I] Output(s)s format: fp32:CHW
[06/17/2022-04:30:10] [I] Input build shapes: model
[06/17/2022-04:30:10] [I] Input calibration shapes: model
[06/17/2022-04:30:10] [I] === System Options ===
[06/17/2022-04:30:10] [I] Device: 0
[06/17/2022-04:30:10] [I] DLACore: 0(With GPU fallback)
[06/17/2022-04:30:10] [I] Plugins:
[06/17/2022-04:30:10] [I] === Inference Options ===
[06/17/2022-04:30:10] [I] Batch: Explicit
[06/17/2022-04:30:10] [I] Input inference shapes: model
[06/17/2022-04:30:10] [I] Iterations: 10
[06/17/2022-04:30:10] [I] Duration: 3s (+ 200ms warm up)
[06/17/2022-04:30:10] [I] Sleep time: 0ms
[06/17/2022-04:30:10] [I] Idle time: 0ms
[06/17/2022-04:30:10] [I] Streams: 1
[06/17/2022-04:30:10] [I] ExposeDMA: Disabled
[06/17/2022-04:30:10] [I] Data transfers: Enabled
[06/17/2022-04:30:10] [I] Spin-wait: Enabled
[06/17/2022-04:30:10] [I] Multithreading: Disabled
[06/17/2022-04:30:10] [I] CUDA Graph: Disabled
[06/17/2022-04:30:10] [I] Separate profiling: Enabled
[06/17/2022-04:30:10] [I] Time Deserialize: Disabled
[06/17/2022-04:30:10] [I] Time Refit: Disabled
[06/17/2022-04:30:10] [I] Inputs:
[06/17/2022-04:30:10] [I] === Reporting Options ===
[06/17/2022-04:30:10] [I] Verbose: Disabled
[06/17/2022-04:30:10] [I] Averages: 10 inferences
[06/17/2022-04:30:10] [I] Percentile: 99
[06/17/2022-04:30:10] [I] Dump refittable layers:Disabled
[06/17/2022-04:30:10] [I] Dump output: Disabled
[06/17/2022-04:30:10] [I] Profile: Disabled
[06/17/2022-04:30:10] [I] Export timing to JSON file: 
[06/17/2022-04:30:10] [I] Export output to JSON file: 
[06/17/2022-04:30:10] [I] Export profile to JSON file: Levit_fp16_DLA.json
[06/17/2022-04:30:10] [I] 
[06/17/2022-04:30:10] [I] === Device Information ===
[06/17/2022-04:30:10] [I] Selected Device: Xavier
[06/17/2022-04:30:10] [I] Compute Capability: 7.2
[06/17/2022-04:30:10] [I] SMs: 6
[06/17/2022-04:30:10] [I] Compute Clock Rate: 1.109 GHz
[06/17/2022-04:30:10] [I] Device Global Memory: 7504 MiB
[06/17/2022-04:30:10] [I] Shared Memory per SM: 96 KiB
[06/17/2022-04:30:10] [I] Memory Bus Width: 256 bits (ECC disabled)
[06/17/2022-04:30:10] [I] Memory Clock Rate: 1.109 GHz
[06/17/2022-04:30:10] [I] 
[06/17/2022-04:30:10] [I] TensorRT version: 8.4.0
[06/17/2022-04:30:12] [I] [TRT] [MemUsageChange] Init CUDA: CPU +206, GPU +0, now: CPU 231, GPU 4078 (MiB)
[06/17/2022-04:30:15] [I] [TRT] [MemUsageChange] Init builder kernel library: CPU +141, GPU +131, now: CPU 391, GPU 4228 (MiB)
[06/17/2022-04:30:15] [I] Start parsing network model
[06/17/2022-04:30:15] [I] [TRT] ----------------------------------------------------------------
[06/17/2022-04:30:15] [I] [TRT] Input filename:   ../ModifyModel_2.onnx
[06/17/2022-04:30:15] [I] [TRT] ONNX IR version:  0.0.8
[06/17/2022-04:30:15] [I] [TRT] Opset version:    12
[06/17/2022-04:30:15] [I] [TRT] Producer name:    pytorch
[06/17/2022-04:30:15] [I] [TRT] Producer version: 1.12.0
[06/17/2022-04:30:15] [I] [TRT] Domain:           
[06/17/2022-04:30:15] [I] [TRT] Model version:    0
[06/17/2022-04:30:15] [I] [TRT] Doc string:       
[06/17/2022-04:30:15] [I] [TRT] ----------------------------------------------------------------
[06/17/2022-04:30:15] [I] Finish parsing network model
&&&& FAILED TensorRT.trtexec [TensorRT v8400] # /usr/src/tensorrt/bin/trtexec --onnx=../ModifyModel_2.onnx --saveEngine=Levit_fp16_DLA.engine --fp16 --exportProfile=Levit_fp16_DLA.json --useDLACore=0 --allowGPUFallback --useSpinWait --separateProfileRun
